[2018-04-13T14:05:18.210] [INFO] default - 访问：http://192.168.170.202:9000
[2018-04-13T14:05:18.237] [INFO] default - 数据库连接成功！
[2018-04-13T14:06:00.646] [INFO] default - 访问：http://192.168.170.202:9000
[2018-04-13T14:06:00.688] [INFO] default - 数据库连接成功！
[2018-04-13T14:06:03.768] [INFO] default - blogs/get.json
[2018-04-13T14:06:03.777] [INFO] default - tags/get.json
[2018-04-13T14:06:58.686] [INFO] default - things/get.json
[2018-04-13T14:07:54.871] [INFO] default - user/get.json
[2018-04-13T14:08:02.506] [INFO] default - user/signin.json
[2018-04-13T14:08:02.627] [INFO] default - password is not meached
[2018-04-13T14:08:06.864] [INFO] default - user/signin.json
[2018-04-13T14:08:07.117] [INFO] default - things/get.json
[2018-04-13T14:08:10.327] [INFO] default - user/get.json
[2018-04-13T14:08:19.182] [INFO] default - tags/get.json
[2018-04-13T14:08:35.459] [INFO] default - blogs/get.json
[2018-04-13T14:08:37.161] [INFO] default - tags/get.json
[2018-04-13T14:10:08.893] [INFO] default - tags/add.json
[2018-04-13T14:10:08.961] [INFO] default - tags/get.json
[2018-04-13T14:10:16.317] [INFO] default - blogs/add.json
[2018-04-13T14:10:31.786] [INFO] default - blogs/get.json
[2018-04-13T14:25:27.343] [INFO] default - tags/get.json
[2018-04-13T14:32:54.795] [INFO] default - tags/get.json
[2018-04-13T14:35:00.208] [INFO] default - tags/get.json
[2018-04-13T14:36:19.908] [INFO] default - tags/get.json
[2018-04-13T14:36:42.238] [INFO] default - tags/get.json
[2018-04-13T14:36:47.594] [INFO] default - tags/get.json
[2018-04-13T14:43:02.988] [INFO] default - tags/get.json
[2018-04-13T14:43:42.593] [INFO] default - tags/get.json
[2018-04-13T14:44:16.964] [INFO] default - tags/get.json
[2018-04-13T14:45:15.581] [INFO] default - tags/get.json
[2018-04-13T14:45:27.187] [INFO] default - tags/get.json
[2018-04-13T14:46:45.656] [INFO] default - tags/get.json
[2018-04-13T14:48:35.892] [INFO] default - tags/get.json
[2018-04-13T14:52:16.058] [INFO] default - tags/get.json
[2018-04-13T14:52:58.587] [INFO] default - tags/get.json
[2018-04-13T14:54:09.130] [INFO] default - tags/get.json
[2018-04-13T14:54:57.720] [INFO] default - tags/get.json
[2018-04-13T14:58:09.961] [INFO] default - blogs/get.json
[2018-04-13T14:58:42.530] [INFO] default - blogs/get.json
[2018-04-13T14:58:42.532] [INFO] default - blogs/get.json
[2018-04-13T14:58:42.533] [INFO] default - tags/get.json
[2018-04-13T14:58:47.499] [INFO] default - blogs/get.json
[2018-04-13T14:58:47.501] [INFO] default - blogs/get.json
[2018-04-13T14:58:47.506] [INFO] default - tags/get.json
[2018-04-13T14:58:55.278] [INFO] default - blogs/get.json
[2018-04-13T14:58:55.280] [INFO] default - blogs/get.json
[2018-04-13T14:58:55.281] [INFO] default - tags/get.json
[2018-04-13T14:59:03.678] [INFO] default - blogs/get.json
[2018-04-13T14:59:03.682] [INFO] default - blogs/get.json
[2018-04-13T14:59:03.683] [INFO] default - tags/get.json
[2018-04-13T15:03:56.530] [INFO] default - tags/get.json
[2018-04-13T15:04:26.026] [INFO] default - blogs/add.json
[2018-04-13T15:05:13.874] [INFO] default - tags/get.json
[2018-04-13T15:05:44.936] [INFO] default - blogs/add.json
[2018-04-13T15:05:51.880] [INFO] default - blogs/get.json
[2018-04-13T15:05:51.883] [INFO] default - blogs/get.json
[2018-04-13T15:05:51.885] [INFO] default - tags/get.json
[2018-04-13T15:09:05.160] [INFO] default - tags/get.json
[2018-04-13T15:21:19.104] [INFO] default - tags/get.json
[2018-04-13T15:22:56.901] [INFO] default - tags/get.json
[2018-04-13T15:25:47.704] [INFO] default - 访问：http://192.168.170.202:9000
[2018-04-13T15:25:47.846] [INFO] default - 数据库连接成功！
[2018-04-13T15:27:29.795] [INFO] default - blogs/get.json
[2018-04-13T15:27:29.818] [INFO] default - tags/get.json
[2018-04-13T15:45:53.175] [INFO] default - blogs/get.json
[2018-04-13T15:46:07.802] [INFO] default - blogs/get.json
[2018-04-13T15:46:07.804] [INFO] default - tags/get.json
[2018-04-13T16:52:09.935] [INFO] default - blogs/get.json
[2018-04-13T16:52:09.943] [INFO] default - tags/get.json
[2018-04-13T16:52:22.452] [INFO] default - things/get.json
[2018-04-13T17:05:02.070] [INFO] default - blogs/get.json
[2018-04-13T17:05:02.079] [INFO] default - tags/get.json
[2018-04-13T17:17:09.385] [INFO] default - blogs/get.json
[2018-04-13T17:17:09.387] [INFO] default - tags/get.json
[2018-04-13T17:17:34.284] [INFO] default - blogs/get.json
[2018-04-13T17:17:34.286] [INFO] default - tags/get.json
[2018-04-13T17:18:20.313] [INFO] default - blogs/get.json
[2018-04-13T17:27:10.313] [INFO] default - blogs/get.json
[2018-04-13T17:27:10.321] [INFO] default - blogs/get.json
[2018-04-13T17:27:10.322] [INFO] default - tags/get.json
[2018-04-13T17:29:05.451] [INFO] default - blogs/get.json
[2018-04-13T17:29:05.452] [INFO] default - blogs/get.json
[2018-04-13T17:29:05.454] [INFO] default - tags/get.json
[2018-04-13T17:29:41.691] [INFO] default - blogs/get.json
[2018-04-13T17:29:41.692] [INFO] default - blogs/get.json
[2018-04-13T17:29:41.693] [INFO] default - tags/get.json
[2018-04-13T17:34:45.489] [INFO] default - blogs/get.json
[2018-04-13T17:34:45.490] [INFO] default - blogs/get.json
[2018-04-13T17:34:45.492] [INFO] default - tags/get.json
[2018-04-13T17:37:01.624] [INFO] default - blogs/get.json
[2018-04-13T17:37:01.626] [INFO] default - blogs/get.json
[2018-04-13T17:37:01.627] [INFO] default - tags/get.json
[2018-04-13T17:48:34.759] [INFO] default - blogs/get.json
[2018-04-13T17:48:34.767] [INFO] default - blogs/get.json
[2018-04-13T17:48:34.768] [INFO] default - tags/get.json
[2018-04-13T17:49:32.531] [INFO] default - blogs/get.json
[2018-04-13T17:49:32.533] [INFO] default - tags/get.json
[2018-04-13T17:54:32.538] [INFO] default - things/get.json
[2018-04-13T17:55:27.397] [INFO] default - user/signin.json
[2018-04-13T17:55:31.542] [INFO] default - user/signin.json
[2018-04-13T17:55:32.327] [INFO] default - things/get.json
[2018-04-13T17:59:33.263] [INFO] default - things/get.json
[2018-04-13T18:02:08.456] [INFO] default - blogs/get.json
[2018-04-13T18:02:08.458] [INFO] default - tags/get.json
[2018-04-13T18:03:44.444] [INFO] default - blogs/get.json
[2018-04-13T18:03:44.452] [INFO] default - tags/get.json
[2018-04-13T18:04:00.443] [INFO] default - blogs/get.json
[2018-04-13T18:04:02.246] [INFO] default - tags/get.json
[2018-04-13T18:08:16.729] [INFO] default - blogs/get.json
[2018-04-13T18:08:16.737] [INFO] default - tags/get.json
[2018-04-13T18:11:13.352] [INFO] default - blogs/get.json
[2018-04-13T18:11:13.353] [INFO] default - tags/get.json
[2018-04-13T18:11:47.433] [INFO] default - blogs/get.json
[2018-04-13T18:11:47.435] [INFO] default - tags/get.json
[2018-04-13T18:12:02.838] [INFO] default - blogs/get.json
[2018-04-13T18:12:02.842] [INFO] default - tags/get.json
[2018-04-13T18:12:26.509] [INFO] default - blogs/get.json
[2018-04-13T18:12:26.511] [INFO] default - tags/get.json
[2018-04-13T18:13:41.221] [INFO] default - blogs/get.json
[2018-04-13T18:13:41.222] [INFO] default - tags/get.json
[2018-04-13T18:24:19.454] [INFO] default - tags/get.json
[2018-04-13T18:24:32.505] [INFO] default - blogs/get.json
[2018-04-13T18:24:37.739] [INFO] default - blogs/get.json
[2018-04-13T18:24:40.726] [INFO] default - blogs/get.json
[2018-04-13T18:24:40.727] [INFO] default - blogs/get.json
[2018-04-13T18:24:40.731] [INFO] default - tags/get.json
[2018-04-13T18:28:46.976] [INFO] default - blogs/get.json
[2018-04-13T18:28:46.981] [INFO] default - tags/get.json
[2018-04-13T18:28:55.094] [INFO] default - blogs/get.json
[2018-04-13T18:29:59.034] [INFO] default - blogs/get.json
[2018-04-13T18:29:59.042] [INFO] default - blogs/get.json
[2018-04-13T18:29:59.048] [INFO] default - tags/get.json
[2018-04-13T18:30:05.591] [INFO] default - blogs/get.json
[2018-04-13T19:29:11.531] [INFO] default - blogs/get.json
[2018-04-13T19:29:11.543] [INFO] default - blogs/get.json
[2018-04-13T19:29:11.545] [INFO] default - tags/get.json
[2018-04-13T19:29:58.383] [INFO] default - blogs/get.json
[2018-04-13T19:29:58.385] [INFO] default - blogs/get.json
[2018-04-13T19:29:58.386] [INFO] default - tags/get.json
[2018-04-13T19:31:42.439] [INFO] default - blogs/get.json
[2018-04-13T19:31:42.440] [INFO] default - blogs/get.json
[2018-04-13T19:31:42.441] [INFO] default - tags/get.json
[2018-04-13T19:33:46.003] [INFO] default - blogs/get.json
[2018-04-13T19:33:46.004] [INFO] default - blogs/get.json
[2018-04-13T19:33:46.005] [INFO] default - tags/get.json
[2018-04-13T20:05:29.538] [INFO] default - blogs/get.json
[2018-04-13T20:05:29.546] [INFO] default - tags/get.json
[2018-04-13T20:13:11.423] [INFO] default - blogs/get.json
[2018-04-13T20:13:11.425] [INFO] default - tags/get.json
[2018-04-13T20:14:47.533] [INFO] default - blogs/get.json
[2018-04-13T20:14:47.536] [INFO] default - tags/get.json
[2018-04-13T20:17:47.684] [INFO] default - blogs/get.json
[2018-04-13T20:17:47.694] [INFO] default - tags/get.json
[2018-04-13T20:19:40.403] [INFO] default - blogs/get.json
[2018-04-13T20:19:40.404] [INFO] default - tags/get.json
[2018-04-13T20:25:29.892] [INFO] default - blogs/get.json
[2018-04-13T20:32:06.133] [INFO] default - blogs/get.json
[2018-04-13T20:32:06.140] [INFO] default - tags/get.json
[2018-04-13T20:39:49.013] [INFO] default - blogs/get.json
[2018-04-13T20:39:49.017] [INFO] default - tags/get.json
[2018-04-13T20:40:17.753] [INFO] default - blogs/get.json
[2018-04-13T20:40:17.754] [INFO] default - tags/get.json
[2018-04-13T20:55:31.265] [INFO] default - blogs/get.json
[2018-04-13T20:55:31.267] [INFO] default - tags/get.json
[2018-04-13T21:14:54.344] [INFO] default - blogs/get.json
[2018-04-13T21:14:54.352] [INFO] default - tags/get.json
[2018-04-13T21:19:04.254] [INFO] default - blogs/get.json
[2018-04-13T21:19:04.257] [INFO] default - tags/get.json
[2018-04-13T21:21:56.094] [INFO] default - blogs/get.json
[2018-04-13T21:22:12.200] [INFO] default - blogs/delete.json
[2018-04-13T21:22:12.243] [INFO] default - blogs/get.json
[2018-04-13T21:22:19.047] [INFO] default - blogs/delete.json
[2018-04-13T21:22:19.072] [INFO] default - blogs/get.json
[2018-04-13T21:22:23.133] [INFO] default - blogs/get.json
[2018-04-13T21:22:23.140] [INFO] default - tags/get.json
[2018-04-13T21:27:42.857] [INFO] default - blogs/get.json
[2018-04-13T21:27:42.860] [INFO] default - tags/get.json
[2018-04-14T18:00:23.219] [INFO] default - 访问：http://192.168.5.113:9000
[2018-04-14T18:00:23.266] [INFO] default - 数据库连接成功！
[2018-04-14T18:00:34.635] [INFO] default - blogs/get.json
[2018-04-14T18:00:34.645] [INFO] default - tags/get.json
[2018-04-14T18:11:50.814] [INFO] default - blogs/get.json
[2018-04-14T18:11:50.816] [INFO] default - tags/get.json
[2018-04-14T18:16:25.389] [INFO] default - blogs/get.json
[2018-04-14T18:16:25.401] [INFO] default - tags/get.json
[2018-04-14T18:22:30.107] [INFO] default - blogs/get.json
[2018-04-14T18:22:30.108] [INFO] default - tags/get.json
[2018-04-14T18:22:52.316] [INFO] default - blogs/get.json
[2018-04-14T18:33:06.516] [INFO] default - blogs/get.json
[2018-04-14T18:33:06.522] [INFO] default - tags/get.json
[2018-04-14T18:57:23.953] [INFO] default - blogs/get.json
[2018-04-14T18:57:23.961] [INFO] default - tags/get.json
[2018-04-14T18:58:22.249] [INFO] default - blogs/get.json
[2018-04-14T18:58:22.269] [INFO] default - tags/get.json
[2018-04-14T18:58:52.970] [INFO] default - blogs/get.json
[2018-04-14T18:58:52.983] [INFO] default - tags/get.json
[2018-04-14T18:59:50.835] [INFO] default - blogs/get.json
[2018-04-14T18:59:50.836] [INFO] default - tags/get.json
[2018-04-14T19:03:04.883] [INFO] default - blogs/get.json
[2018-04-14T19:03:04.885] [INFO] default - tags/get.json
[2018-04-14T19:03:51.087] [INFO] default - blogs/get.json
[2018-04-14T19:03:51.095] [INFO] default - tags/get.json
[2018-04-14T19:04:28.550] [INFO] default - blogs/get.json
[2018-04-14T19:04:28.551] [INFO] default - tags/get.json
[2018-04-14T19:10:12.011] [INFO] default - blogs/get.json
[2018-04-14T19:10:12.014] [INFO] default - tags/get.json
[2018-04-14T19:13:27.139] [INFO] default - blogs/get.json
[2018-04-14T19:13:27.146] [INFO] default - tags/get.json
[2018-04-14T20:49:19.246] [INFO] default - blogs/get.json
[2018-04-14T20:49:19.254] [INFO] default - tags/get.json
[2018-04-14T20:49:42.249] [INFO] default - blogs/get.json
[2018-04-14T20:49:42.250] [INFO] default - tags/get.json
[2018-04-14T20:49:53.885] [INFO] default - blogs/get.json
[2018-04-14T20:49:53.887] [INFO] default - tags/get.json
[2018-04-14T20:50:31.030] [INFO] default - blogs/get.json
[2018-04-14T20:50:31.031] [INFO] default - tags/get.json
[2018-04-14T20:51:37.500] [INFO] default - blogs/get.json
[2018-04-14T20:51:37.502] [INFO] default - tags/get.json
[2018-04-14T20:52:16.998] [INFO] default - blogs/get.json
[2018-04-14T20:52:17.002] [INFO] default - tags/get.json
[2018-04-14T20:53:12.164] [INFO] default - blogs/get.json
[2018-04-14T20:53:12.167] [INFO] default - tags/get.json
[2018-04-14T20:54:58.874] [INFO] default - blogs/get.json
[2018-04-14T20:54:58.877] [INFO] default - tags/get.json
[2018-04-14T20:57:15.844] [INFO] default - blogs/get.json
[2018-04-14T20:57:15.845] [INFO] default - tags/get.json
[2018-04-14T21:01:29.503] [INFO] default - blogs/get.json
[2018-04-14T21:04:47.061] [INFO] default - blogs/get.json
[2018-04-14T21:04:47.063] [INFO] default - tags/get.json
[2018-04-14T21:04:53.720] [INFO] default - blogs/get.json
[2018-04-14T21:04:53.722] [INFO] default - tags/get.json
[2018-04-14T21:05:04.355] [INFO] default - blogs/get.json
[2018-04-14T21:05:04.359] [INFO] default - tags/get.json
[2018-04-14T21:05:11.823] [INFO] default - blogs/get.json
[2018-04-14T21:05:11.824] [INFO] default - tags/get.json
[2018-04-14T21:05:14.725] [INFO] default - blogs/get.json
[2018-04-14T21:05:14.726] [INFO] default - tags/get.json
[2018-04-14T21:05:24.212] [INFO] default - blogs/get.json
[2018-04-14T21:05:24.214] [INFO] default - tags/get.json
[2018-04-14T21:05:40.272] [INFO] default - blogs/get.json
[2018-04-14T21:05:40.274] [INFO] default - tags/get.json
[2018-04-14T21:06:56.884] [INFO] default - blogs/get.json
[2018-04-14T21:06:56.888] [INFO] default - tags/get.json
[2018-04-14T21:09:34.704] [INFO] default - blogs/get.json
[2018-04-14T21:09:34.709] [INFO] default - tags/get.json
[2018-04-14T21:13:26.263] [INFO] default - blogs/get.json
[2018-04-14T21:13:26.264] [INFO] default - tags/get.json
[2018-04-14T21:19:26.815] [INFO] default - blogs/get.json
[2018-04-14T21:19:26.816] [INFO] default - tags/get.json
[2018-04-14T21:25:39.225] [INFO] default - blogs/get.json
[2018-04-14T21:25:39.230] [INFO] default - tags/get.json
[2018-04-14T21:52:12.345] [INFO] default - blogs/get.json
[2018-04-14T21:52:12.347] [INFO] default - tags/get.json
[2018-04-14T21:55:06.531] [INFO] default - blogs/get.json
[2018-04-14T21:55:06.532] [INFO] default - tags/get.json
[2018-04-14T21:56:14.562] [INFO] default - blogs/get.json
[2018-04-14T21:56:14.568] [INFO] default - tags/get.json
[2018-04-14T21:56:45.168] [INFO] default - blogs/get.json
[2018-04-14T21:56:45.169] [INFO] default - tags/get.json
[2018-04-14T22:00:57.202] [INFO] default - blogs/get.json
[2018-04-14T22:00:57.204] [INFO] default - tags/get.json
[2018-04-14T22:02:33.766] [INFO] default - blogs/get.json
[2018-04-14T22:02:33.767] [INFO] default - tags/get.json
[2018-04-14T22:02:52.093] [INFO] default - blogs/get.json
[2018-04-14T22:02:52.094] [INFO] default - tags/get.json
[2018-04-14T22:03:49.519] [INFO] default - blogs/get.json
[2018-04-14T22:03:49.521] [INFO] default - tags/get.json
[2018-04-14T22:03:56.209] [INFO] default - blogs/get.json
[2018-04-14T22:03:56.210] [INFO] default - tags/get.json
[2018-04-14T22:05:05.765] [INFO] default - blogs/get.json
[2018-04-14T22:05:05.766] [INFO] default - tags/get.json
[2018-04-14T22:06:02.318] [INFO] default - blogs/get.json
[2018-04-14T22:06:02.319] [INFO] default - tags/get.json
[2018-04-14T22:07:23.787] [INFO] default - blogs/get.json
[2018-04-14T22:07:23.792] [INFO] default - tags/get.json
[2018-04-14T22:08:29.177] [INFO] default - blogs/get.json
[2018-04-14T22:08:29.181] [INFO] default - tags/get.json
[2018-04-14T22:09:06.704] [INFO] default - blogs/get.json
[2018-04-14T22:09:06.705] [INFO] default - tags/get.json
[2018-04-14T22:09:33.919] [INFO] default - blogs/get.json
[2018-04-14T22:09:33.923] [INFO] default - tags/get.json
[2018-04-14T22:09:38.434] [INFO] default - blogs/get.json
[2018-04-14T22:09:38.435] [INFO] default - tags/get.json
[2018-04-14T22:15:58.284] [INFO] default - blogs/get.json
[2018-04-14T22:15:58.285] [INFO] default - tags/get.json
[2018-04-14T22:16:21.980] [INFO] default - blogs/get.json
[2018-04-14T22:16:21.983] [INFO] default - tags/get.json
[2018-04-14T22:17:44.080] [INFO] default - blogs/get.json
[2018-04-14T22:17:44.084] [INFO] default - tags/get.json
[2018-04-14T22:17:49.108] [INFO] default - blogs/get.json
[2018-04-14T22:17:49.111] [INFO] default - tags/get.json
[2018-04-14T22:18:35.130] [INFO] default - blogs/get.json
[2018-04-14T22:18:35.135] [INFO] default - tags/get.json
[2018-04-14T22:25:33.641] [INFO] default - blogs/get.json
[2018-04-14T22:25:33.648] [INFO] default - tags/get.json
[2018-04-14T22:26:14.859] [INFO] default - blogs/get.json
[2018-04-14T22:26:14.861] [INFO] default - tags/get.json
[2018-04-14T22:26:51.019] [INFO] default - blogs/get.json
[2018-04-14T22:26:51.019] [INFO] default - tags/get.json
[2018-04-14T22:27:24.698] [INFO] default - blogs/get.json
[2018-04-14T22:27:24.699] [INFO] default - tags/get.json
[2018-04-14T22:28:35.392] [INFO] default - blogs/get.json
[2018-04-14T22:28:35.395] [INFO] default - tags/get.json
[2018-04-14T22:28:54.476] [INFO] default - blogs/get.json
[2018-04-14T22:28:54.477] [INFO] default - tags/get.json
[2018-04-14T22:29:30.484] [INFO] default - blogs/get.json
[2018-04-14T22:29:30.491] [INFO] default - tags/get.json
[2018-04-14T22:31:30.671] [INFO] default - blogs/get.json
[2018-04-14T22:31:30.678] [INFO] default - tags/get.json
[2018-04-14T22:33:30.402] [INFO] default - blogs/get.json
[2018-04-14T22:33:30.403] [INFO] default - tags/get.json
[2018-04-14T22:34:16.130] [INFO] default - blogs/get.json
[2018-04-14T22:34:16.131] [INFO] default - tags/get.json
[2018-04-14T22:39:02.208] [INFO] default - blogs/get.json
[2018-04-14T22:39:02.214] [INFO] default - tags/get.json
[2018-04-14T22:42:06.863] [INFO] default - blogs/get.json
[2018-04-14T22:42:06.866] [INFO] default - tags/get.json
[2018-04-14T22:42:17.625] [INFO] default - blogs/get.json
[2018-04-14T22:42:28.952] [INFO] default - blogs/get.json
[2018-04-14T22:42:38.099] [INFO] default - blogs/get.json
[2018-04-14T22:42:38.100] [INFO] default - blogs/get.json
[2018-04-14T22:42:38.101] [INFO] default - tags/get.json
[2018-04-14T22:45:35.896] [INFO] default - blogs/get.json
[2018-04-14T22:48:20.955] [INFO] default - blogs/get.json
[2018-04-14T22:48:20.961] [INFO] default - tags/get.json
[2018-04-14T22:51:40.891] [INFO] default - blogs/get.json
[2018-04-14T22:51:40.892] [INFO] default - tags/get.json
[2018-04-14T22:52:23.609] [INFO] default - blogs/get.json
[2018-04-14T22:52:23.614] [INFO] default - tags/get.json
[2018-04-14T22:52:57.166] [INFO] default - blogs/get.json
[2018-04-14T22:52:57.168] [INFO] default - tags/get.json
[2018-04-14T22:53:14.905] [INFO] default - blogs/get.json
[2018-04-14T22:53:14.906] [INFO] default - tags/get.json
[2018-04-14T22:53:30.667] [INFO] default - blogs/get.json
[2018-04-14T23:05:19.816] [INFO] default - blogs/get.json
[2018-04-14T23:05:19.817] [INFO] default - tags/get.json
[2018-04-14T23:12:37.718] [INFO] default - blogs/get.json
[2018-04-14T23:12:37.726] [INFO] default - tags/get.json
[2018-04-14T23:13:48.771] [INFO] default - blogs/get.json
[2018-04-14T23:13:48.776] [INFO] default - tags/get.json
[2018-04-14T23:14:11.203] [INFO] default - blogs/get.json
[2018-04-14T23:14:11.205] [INFO] default - tags/get.json
[2018-04-14T23:14:31.570] [INFO] default - blogs/get.json
[2018-04-14T23:14:31.571] [INFO] default - tags/get.json
[2018-04-14T23:17:03.481] [INFO] default - blogs/get.json
[2018-04-14T23:17:03.483] [INFO] default - tags/get.json
[2018-04-14T23:24:47.668] [INFO] default - blogs/get.json
[2018-04-14T23:24:47.673] [INFO] default - tags/get.json
[2018-04-14T23:26:28.700] [INFO] default - blogs/get.json
[2018-04-14T23:26:28.702] [INFO] default - tags/get.json
[2018-04-14T23:29:51.456] [INFO] default - blogs/get.json
[2018-04-14T23:29:51.460] [INFO] default - tags/get.json
[2018-04-14T23:33:28.362] [INFO] default - blogs/get.json
[2018-04-14T23:33:28.366] [INFO] default - tags/get.json
[2018-04-14T23:34:32.311] [INFO] default - blogs/get.json
[2018-04-14T23:34:32.312] [INFO] default - tags/get.json
[2018-04-14T23:36:21.852] [INFO] default - blogs/get.json
[2018-04-14T23:36:21.853] [INFO] default - tags/get.json
[2018-04-14T23:39:59.010] [INFO] default - blogs/get.json
[2018-04-14T23:40:10.326] [INFO] default - blogs/get.json
[2018-04-14T23:40:10.332] [INFO] default - blogs/get.json
[2018-04-14T23:40:10.333] [INFO] default - tags/get.json
[2018-04-14T23:40:56.557] [INFO] default - blogs/get.json
[2018-04-14T23:41:27.232] [INFO] default - blogs/get.json
[2018-04-14T23:45:24.871] [INFO] default - blogs/get.json
[2018-04-14T23:47:21.271] [INFO] default - blogs/get.json
[2018-04-14T23:47:22.816] [INFO] default - blogs/get.json
[2018-04-14T23:47:26.323] [INFO] default - blogs/get.json
[2018-04-14T23:47:27.459] [INFO] default - blogs/get.json
[2018-04-14T23:47:50.495] [INFO] default - blogs/get.json
[2018-04-14T23:47:50.496] [INFO] default - tags/get.json
[2018-04-14T23:48:00.921] [INFO] default - blogs/get.json
[2018-04-14T23:48:00.925] [INFO] default - tags/get.json
[2018-04-14T23:48:02.501] [INFO] default - blogs/get.json
[2018-04-14T23:48:06.343] [INFO] default - blogs/get.json
[2018-04-14T23:48:06.344] [INFO] default - tags/get.json
[2018-04-14T23:48:07.956] [INFO] default - blogs/get.json
[2018-04-14T23:48:09.206] [INFO] default - blogs/get.json
[2018-04-14T23:48:14.847] [INFO] default - blogs/get.json
[2018-04-14T23:48:24.447] [INFO] default - blogs/get.json
[2018-04-14T23:48:25.603] [INFO] default - blogs/get.json
[2018-04-14T23:50:17.547] [INFO] default - blogs/get.json
[2018-04-14T23:50:19.862] [INFO] default - blogs/get.json
[2018-04-14T23:50:19.864] [INFO] default - blogs/get.json
[2018-04-14T23:50:19.866] [INFO] default - tags/get.json
[2018-04-14T23:50:27.055] [INFO] default - blogs/get.json
[2018-04-14T23:50:44.488] [INFO] default - blogs/get.json
[2018-04-14T23:50:46.903] [INFO] default - blogs/get.json
[2018-04-14T23:50:46.907] [INFO] default - blogs/get.json
[2018-04-14T23:50:48.883] [INFO] default - blogs/get.json
[2018-04-14T23:50:48.900] [INFO] default - blogs/get.json
[2018-04-14T23:50:55.150] [INFO] default - blogs/get.json
[2018-04-14T23:50:55.152] [INFO] default - blogs/get.json
[2018-04-14T23:50:57.958] [INFO] default - blogs/get.json
[2018-04-14T23:50:57.959] [INFO] default - blogs/get.json
[2018-04-14T23:50:57.960] [INFO] default - tags/get.json
[2018-04-14T23:51:25.230] [INFO] default - blogs/get.json
[2018-04-14T23:51:25.604] [INFO] default - blogs/get.json
[2018-04-14T23:51:33.655] [INFO] default - blogs/get.json
[2018-04-14T23:51:35.039] [INFO] default - blogs/get.json
[2018-04-15T00:02:32.752] [INFO] default - blogs/get.json
[2018-04-15T00:02:32.773] [INFO] default - tags/get.json
[2018-04-15T00:02:39.390] [INFO] default - blogs/get.json
[2018-04-15T00:02:39.391] [INFO] default - tags/get.json
[2018-04-15T00:03:52.764] [INFO] default - blogs/get.json
[2018-04-15T00:03:52.845] [INFO] default - tags/get.json
[2018-04-15T00:03:55.918] [INFO] default - blogs/get.json
[2018-04-15T00:03:55.919] [INFO] default - tags/get.json
[2018-04-15T00:04:20.598] [INFO] default - blogs/get.json
[2018-04-15T00:04:20.608] [INFO] default - tags/get.json
[2018-04-15T00:04:24.429] [INFO] default - blogs/get.json
[2018-04-15T00:04:24.430] [INFO] default - tags/get.json
[2018-04-15T00:04:37.779] [INFO] default - blogs/get.json
[2018-04-15T00:04:37.784] [INFO] default - tags/get.json
[2018-04-15T00:05:19.328] [INFO] default - blogs/get.json
[2018-04-15T00:05:19.329] [INFO] default - tags/get.json
[2018-04-15T00:05:55.228] [INFO] default - blogs/get.json
[2018-04-15T00:05:55.234] [INFO] default - tags/get.json
[2018-04-15T00:05:57.695] [INFO] default - blogs/get.json
[2018-04-15T00:05:57.696] [INFO] default - tags/get.json
[2018-04-15T00:08:14.900] [INFO] default - blogs/get.json
[2018-04-15T00:08:14.912] [INFO] default - tags/get.json
[2018-04-15T00:08:18.456] [INFO] default - blogs/get.json
[2018-04-15T00:08:18.457] [INFO] default - tags/get.json
[2018-04-15T00:14:36.490] [INFO] default - blogs/get.json
[2018-04-15T00:14:36.492] [INFO] default - tags/get.json
[2018-04-15T00:18:46.413] [INFO] default - blogs/get.json
[2018-04-15T00:18:46.415] [INFO] default - tags/get.json
[2018-04-15T00:19:13.049] [INFO] default - blogs/get.json
[2018-04-15T00:19:13.052] [INFO] default - tags/get.json
[2018-04-15T00:22:52.236] [INFO] default - blogs/get.json
[2018-04-15T00:22:52.237] [INFO] default - tags/get.json
[2018-04-15T00:28:31.345] [INFO] default - blogs/get.json
[2018-04-15T00:28:31.353] [INFO] default - tags/get.json
[2018-04-15T00:30:49.597] [INFO] default - blogs/get.json
[2018-04-15T00:30:49.602] [INFO] default - tags/get.json
[2018-04-15T00:31:19.822] [INFO] default - blogs/get.json
[2018-04-15T00:31:19.825] [INFO] default - tags/get.json
[2018-04-15T00:31:33.136] [INFO] default - blogs/get.json
[2018-04-15T00:31:34.149] [INFO] default - blogs/get.json
[2018-04-15T00:36:03.168] [INFO] default - blogs/get.json
[2018-04-15T00:36:03.170] [INFO] default - blogs/get.json
[2018-04-15T00:36:03.171] [INFO] default - tags/get.json
[2018-04-15T00:36:07.275] [INFO] default - blogs/get.json
[2018-04-15T00:36:08.685] [INFO] default - blogs/get.json
[2018-04-15T00:36:21.174] [INFO] default - blogs/get.json
[2018-04-15T00:36:23.889] [INFO] default - blogs/get.json
[2018-04-15T00:36:23.891] [INFO] default - blogs/get.json
[2018-04-15T00:36:23.892] [INFO] default - tags/get.json
[2018-04-15T00:36:29.333] [INFO] default - blogs/get.json
[2018-04-15T00:36:30.610] [INFO] default - blogs/get.json
[2018-04-15T00:36:32.052] [INFO] default - blogs/get.json
[2018-04-15T00:38:17.552] [INFO] default - blogs/get.json
[2018-04-15T00:38:17.553] [INFO] default - blogs/get.json
[2018-04-15T00:38:17.554] [INFO] default - tags/get.json
[2018-04-15T00:38:25.584] [INFO] default - blogs/get.json
[2018-04-15T00:40:38.936] [INFO] default - blogs/get.json
[2018-04-15T00:40:38.965] [INFO] default - blogs/get.json
[2018-04-15T00:40:38.966] [INFO] default - tags/get.json
[2018-04-15T00:40:46.324] [INFO] default - blogs/get.json
[2018-04-15T00:40:46.326] [INFO] default - blogs/get.json
[2018-04-15T00:40:46.327] [INFO] default - tags/get.json
[2018-04-15T00:40:50.652] [INFO] default - blogs/get.json
[2018-04-15T00:40:52.089] [INFO] default - blogs/get.json
[2018-04-15T00:40:53.760] [INFO] default - blogs/get.json
[2018-04-15T00:41:33.809] [INFO] default - blogs/get.json
[2018-04-15T00:41:33.833] [INFO] default - blogs/get.json
[2018-04-15T00:41:33.847] [INFO] default - tags/get.json
[2018-04-15T00:41:40.845] [INFO] default - blogs/get.json
[2018-04-15T00:41:40.854] [INFO] default - blogs/get.json
[2018-04-15T00:41:40.859] [INFO] default - tags/get.json
[2018-04-15T00:41:51.244] [INFO] default - blogs/get.json
[2018-04-15T00:43:28.683] [INFO] default - blogs/get.json
[2018-04-15T00:43:28.685] [INFO] default - tags/get.json
[2018-04-15T00:43:37.333] [INFO] default - blogs/get.json
[2018-04-15T00:43:37.337] [INFO] default - tags/get.json
[2018-04-15T00:44:34.841] [INFO] default - blogs/get.json
[2018-04-15T00:44:34.844] [INFO] default - tags/get.json
[2018-04-15T00:54:25.567] [INFO] default - blogs/get.json
[2018-04-15T00:54:25.591] [INFO] default - tags/get.json
[2018-04-15T00:54:52.362] [INFO] default - blogs/get.json
[2018-04-15T00:55:25.416] [INFO] default - blogs/get.json
[2018-04-15T00:55:25.421] [INFO] default - blogs/get.json
[2018-04-15T00:55:25.423] [INFO] default - tags/get.json
[2018-04-15T00:58:58.574] [INFO] default - blogs/get.json
[2018-04-15T00:58:58.611] [INFO] default - blogs/get.json
[2018-04-15T00:58:58.626] [INFO] default - tags/get.json
